2024-12-17 08:19:42 - ERROR - Functionality Error: Error in the Main_loop: local variable 'end_x' referenced before assignment
2024-12-17 08:19:43 - ERROR - Functionality Error: Error in the Main_loop: local variable 'end_x' referenced before assignment
2024-12-17 08:19:43 - ERROR - Functionality Error: Error in the Main_loop: local variable 'end_x' referenced before assignment
2024-12-17 08:19:43 - ERROR - Functionality Error: Error in the Main_loop: local variable 'end_x' referenced before assignment
2024-12-17 08:19:44 - ERROR - Functionality Error: Error in the Main_loop: local variable 'end_x' referenced before assignment
2024-12-17 08:19:44 - ERROR - Functionality Error: Error in the Main_loop: local variable 'end_x' referenced before assignment
2024-12-17 08:19:45 - ERROR - Functionality Error: Error in the Main_loop: local variable 'end_x' referenced before assignment
2024-12-17 08:19:45 - ERROR - Functionality Error: Error in the Main_loop: local variable 'end_x' referenced before assignment
2024-12-17 08:19:45 - ERROR - Functionality Error: Error in the Main_loop: local variable 'end_x' referenced before assignment
2024-12-17 08:19:46 - ERROR - Functionality Error: Error in the Main_loop: local variable 'end_x' referenced before assignment
2024-12-17 08:19:46 - ERROR - Functionality Error: Error in the Main_loop: local variable 'end_x' referenced before assignment
2024-12-17 08:19:48 - ERROR - Functionality Error: Error in the Main_loop: local variable 'end_x' referenced before assignment
2024-12-17 08:19:49 - ERROR - Functionality Error: Error in the Main_loop: local variable 'end_x' referenced before assignment
2024-12-17 08:19:49 - ERROR - Functionality Error: Error in the Main_loop: local variable 'end_x' referenced before assignment
2024-12-17 08:19:50 - ERROR - Functionality Error: Error in the Main_loop: local variable 'end_x' referenced before assignment
2024-12-17 08:19:50 - ERROR - Functionality Error: Error in the Main_loop: local variable 'end_x' referenced before assignment
2024-12-17 08:19:50 - ERROR - Functionality Error: Error in the Main_loop: local variable 'end_x' referenced before assignment
2024-12-17 08:19:51 - ERROR - Functionality Error: Error in the Main_loop: local variable 'end_x' referenced before assignment
2024-12-17 08:19:51 - ERROR - Functionality Error: Error in the Main_loop: local variable 'end_x' referenced before assignment
2024-12-17 08:19:51 - ERROR - Functionality Error: Error in the Main_loop: local variable 'end_x' referenced before assignment
2024-12-17 08:19:52 - ERROR - Functionality Error: Error in the Main_loop: local variable 'end_x' referenced before assignment
2024-12-17 08:19:53 - ERROR - Functionality Error: Error in the Main_loop: local variable 'end_x' referenced before assignment
2024-12-17 08:19:53 - ERROR - Functionality Error: Error in the Main_loop: local variable 'end_x' referenced before assignment
2024-12-17 08:19:53 - ERROR - Functionality Error: Error in the Main_loop: local variable 'end_x' referenced before assignment
2024-12-17 08:19:54 - ERROR - Functionality Error: Error in the Main_loop: local variable 'end_x' referenced before assignment
2024-12-17 08:19:54 - ERROR - Functionality Error: Error in the Main_loop: local variable 'end_x' referenced before assignment
2024-12-17 08:19:55 - ERROR - Functionality Error: Error in the Main_loop: local variable 'end_x' referenced before assignment
2024-12-17 08:19:55 - ERROR - Functionality Error: Error in the Main_loop: local variable 'end_x' referenced before assignment
2024-12-17 08:19:55 - ERROR - Functionality Error: Error in the Main_loop: local variable 'end_x' referenced before assignment
2024-12-17 08:19:56 - ERROR - Functionality Error: Error in the Main_loop: local variable 'end_x' referenced before assignment
2024-12-17 09:57:53 - ERROR - Server Error: Error connecting with functionality: [WinError 10061] No connection could be made because the target machine actively refused it
2024-12-17 09:58:03 - ERROR - Server Error: Error connecting with functionality: [WinError 10061] No connection could be made because the target machine actively refused it
2024-12-17 10:07:06 - ERROR - Server Error: Error forwarding data: [WinError 10054] An existing connection was forcibly closed by the remote host
2024-12-17 10:21:35 - ERROR - Server Error: Error forwarding data: [WinError 10054] An existing connection was forcibly closed by the remote host
2024-12-17 10:22:32 - ERROR - Server Error: Error forwarding data: [WinError 10054] An existing connection was forcibly closed by the remote host
2024-12-17 10:22:32 - ERROR - Server Error: Error forwarding data: [WinError 10054] An existing connection was forcibly closed by the remote host
2024-12-17 10:22:32 - ERROR - Server Error: Error forwarding data: [WinError 10054] An existing connection was forcibly closed by the remote host
2024-12-17 10:22:37 - ERROR - Server Error: Error forwarding data: [WinError 10054] An existing connection was forcibly closed by the remote host
2024-12-17 10:22:37 - ERROR - Server Error: Error forwarding data: [WinError 10054] An existing connection was forcibly closed by the remote host
2024-12-17 10:22:37 - ERROR - Server Error: Error forwarding data: [WinError 10054] An existing connection was forcibly closed by the remote host
2024-12-17 10:22:38 - ERROR - Server Error: Error forwarding data: [WinError 10054] An existing connection was forcibly closed by the remote host
2024-12-17 10:22:48 - ERROR - Server Error: Error forwarding data: [WinError 10054] An existing connection was forcibly closed by the remote host
2024-12-17 10:23:02 - ERROR - Server Error: Error forwarding data: [WinError 10054] An existing connection was forcibly closed by the remote host
2024-12-17 10:23:03 - ERROR - Server Error: Error forwarding data: [WinError 10054] An existing connection was forcibly closed by the remote host
2024-12-17 10:23:03 - ERROR - Server Error: Error forwarding data: [WinError 10054] An existing connection was forcibly closed by the remote host
2024-12-17 10:23:03 - ERROR - Server Error: Error forwarding data: [WinError 10054] An existing connection was forcibly closed by the remote host
2024-12-17 10:23:13 - ERROR - Server Error: Error forwarding data: [WinError 10054] An existing connection was forcibly closed by the remote host
2024-12-17 10:23:13 - ERROR - Server Error: Error forwarding data: [WinError 10054] An existing connection was forcibly closed by the remote host
2024-12-17 10:23:13 - ERROR - Server Error: Error forwarding data: [WinError 10054] An existing connection was forcibly closed by the remote host
2024-12-17 10:23:13 - ERROR - Server Error: Error forwarding data: [WinError 10054] An existing connection was forcibly closed by the remote host
2024-12-17 10:23:13 - ERROR - Server Error: Error forwarding data: [WinError 10054] An existing connection was forcibly closed by the remote host
2024-12-17 10:23:54 - ERROR - Server Error: Error forwarding data: [WinError 10054] An existing connection was forcibly closed by the remote host
2024-12-17 10:24:06 - ERROR - Server Error: Error forwarding data: [WinError 10054] An existing connection was forcibly closed by the remote host
2024-12-17 10:24:06 - ERROR - Server Error: Error forwarding data: [WinError 10054] An existing connection was forcibly closed by the remote host
2024-12-17 10:24:06 - ERROR - Server Error: Error forwarding data: [WinError 10054] An existing connection was forcibly closed by the remote host
2024-12-17 10:24:06 - ERROR - Server Error: Error forwarding data: [WinError 10054] An existing connection was forcibly closed by the remote host
2024-12-17 10:24:06 - ERROR - Server Error: Error forwarding data: [WinError 10054] An existing connection was forcibly closed by the remote host
2024-12-17 10:24:28 - ERROR - Server Error: Error forwarding data: [WinError 10054] An existing connection was forcibly closed by the remote host
2024-12-17 10:24:28 - ERROR - Server Error: Error forwarding data: [WinError 10054] An existing connection was forcibly closed by the remote host
2024-12-17 10:25:11 - ERROR - Server Error: Error forwarding data: [WinError 10054] An existing connection was forcibly closed by the remote host
2024-12-17 10:25:11 - ERROR - Server Error: Error forwarding data: [WinError 10054] An existing connection was forcibly closed by the remote host
2024-12-17 10:25:12 - ERROR - Server Error: Error forwarding data: [WinError 10054] An existing connection was forcibly closed by the remote host
2024-12-17 10:25:12 - ERROR - Server Error: Error forwarding data: [WinError 10054] An existing connection was forcibly closed by the remote host
2024-12-17 10:25:12 - ERROR - Server Error: Error forwarding data: [WinError 10054] An existing connection was forcibly closed by the remote host
2024-12-17 10:25:24 - ERROR - Server Error: Error forwarding data: [WinError 10054] An existing connection was forcibly closed by the remote host
2024-12-17 10:25:26 - ERROR - Server Error: Error forwarding data: [WinError 10054] An existing connection was forcibly closed by the remote host
2024-12-17 10:25:26 - ERROR - Server Error: Error forwarding data: [WinError 10054] An existing connection was forcibly closed by the remote host
2024-12-17 10:25:26 - ERROR - Server Error: Error forwarding data: [WinError 10054] An existing connection was forcibly closed by the remote host
2024-12-17 10:25:26 - ERROR - Server Error: Error forwarding data: [WinError 10054] An existing connection was forcibly closed by the remote host
2024-12-17 10:25:27 - ERROR - Server Error: Error forwarding data: [WinError 10054] An existing connection was forcibly closed by the remote host
2024-12-17 10:25:27 - ERROR - Server Error: Error forwarding data: [WinError 10054] An existing connection was forcibly closed by the remote host
2024-12-17 10:25:27 - ERROR - Server Error: Error forwarding data: [WinError 10054] An existing connection was forcibly closed by the remote host
2024-12-17 10:25:27 - ERROR - Server Error: Error forwarding data: [WinError 10054] An existing connection was forcibly closed by the remote host
2024-12-17 10:25:29 - ERROR - Server Error: Error forwarding data: [WinError 10054] An existing connection was forcibly closed by the remote host
2024-12-17 10:25:29 - ERROR - Server Error: Error forwarding data: [WinError 10054] An existing connection was forcibly closed by the remote host
2024-12-17 10:25:29 - ERROR - Server Error: Error forwarding data: [WinError 10054] An existing connection was forcibly closed by the remote host
2024-12-17 10:25:29 - ERROR - Server Error: Error forwarding data: [WinError 10054] An existing connection was forcibly closed by the remote host
2024-12-17 10:25:29 - ERROR - Server Error: Error forwarding data: [WinError 10054] An existing connection was forcibly closed by the remote host
2024-12-17 10:25:29 - ERROR - Server Error: Error forwarding data: [WinError 10054] An existing connection was forcibly closed by the remote host
2024-12-17 10:25:29 - ERROR - Server Error: Error forwarding data: [WinError 10054] An existing connection was forcibly closed by the remote host
2024-12-17 10:25:29 - ERROR - Server Error: Error forwarding data: [WinError 10054] An existing connection was forcibly closed by the remote host
2024-12-17 10:25:29 - ERROR - Server Error: Error forwarding data: [WinError 10054] An existing connection was forcibly closed by the remote host
2024-12-17 10:25:30 - ERROR - Server Error: Error forwarding data: [WinError 10054] An existing connection was forcibly closed by the remote host
2024-12-17 10:25:30 - ERROR - Server Error: Error forwarding data: [WinError 10054] An existing connection was forcibly closed by the remote host
2024-12-17 10:25:30 - ERROR - Server Error: Error forwarding data: [WinError 10054] An existing connection was forcibly closed by the remote host
2024-12-17 10:25:30 - ERROR - Server Error: Error forwarding data: [WinError 10054] An existing connection was forcibly closed by the remote host
2024-12-17 10:25:30 - ERROR - Server Error: Error forwarding data: [WinError 10054] An existing connection was forcibly closed by the remote host
2024-12-17 10:25:30 - ERROR - Server Error: Error forwarding data: [WinError 10054] An existing connection was forcibly closed by the remote host
2024-12-17 10:25:30 - ERROR - Server Error: Error forwarding data: [WinError 10054] An existing connection was forcibly closed by the remote host
2024-12-17 10:25:30 - ERROR - Server Error: Error forwarding data: [WinError 10054] An existing connection was forcibly closed by the remote host
2024-12-17 10:25:30 - ERROR - Server Error: Error forwarding data: [WinError 10054] An existing connection was forcibly closed by the remote host
2024-12-17 10:25:30 - ERROR - Server Error: Error forwarding data: [WinError 10054] An existing connection was forcibly closed by the remote host
2024-12-17 10:25:30 - ERROR - Server Error: Error forwarding data: [WinError 10054] An existing connection was forcibly closed by the remote host
2024-12-17 10:25:30 - ERROR - Server Error: Error forwarding data: [WinError 10054] An existing connection was forcibly closed by the remote host
2024-12-17 10:25:30 - ERROR - Server Error: Error forwarding data: [WinError 10054] An existing connection was forcibly closed by the remote host
2024-12-17 10:25:30 - ERROR - Server Error: Error forwarding data: [WinError 10054] An existing connection was forcibly closed by the remote host
2024-12-17 10:25:30 - ERROR - Server Error: Error forwarding data: [WinError 10054] An existing connection was forcibly closed by the remote host
2024-12-17 10:25:30 - ERROR - Server Error: Error forwarding data: [WinError 10054] An existing connection was forcibly closed by the remote host
2024-12-17 10:25:30 - ERROR - Server Error: Error forwarding data: [WinError 10054] An existing connection was forcibly closed by the remote host
2024-12-17 10:25:30 - ERROR - Server Error: Error forwarding data: [WinError 10054] An existing connection was forcibly closed by the remote host
2024-12-17 10:25:30 - ERROR - Server Error: Error forwarding data: [WinError 10054] An existing connection was forcibly closed by the remote host
2024-12-17 10:25:31 - ERROR - Server Error: Error forwarding data: [WinError 10054] An existing connection was forcibly closed by the remote host
2024-12-17 10:25:31 - ERROR - Server Error: Error forwarding data: [WinError 10054] An existing connection was forcibly closed by the remote host
2024-12-17 10:25:31 - ERROR - Server Error: Error forwarding data: [WinError 10054] An existing connection was forcibly closed by the remote host
2024-12-17 10:25:31 - ERROR - Server Error: Error forwarding data: [WinError 10054] An existing connection was forcibly closed by the remote host
2024-12-17 10:25:31 - ERROR - Server Error: Error forwarding data: [WinError 10054] An existing connection was forcibly closed by the remote host
2024-12-17 10:25:31 - ERROR - Server Error: Error forwarding data: [WinError 10054] An existing connection was forcibly closed by the remote host
2024-12-17 10:25:31 - ERROR - Server Error: Error forwarding data: [WinError 10054] An existing connection was forcibly closed by the remote host
2024-12-17 10:25:31 - ERROR - Server Error: Error forwarding data: [WinError 10054] An existing connection was forcibly closed by the remote host
2024-12-17 10:25:31 - ERROR - Server Error: Error forwarding data: [WinError 10054] An existing connection was forcibly closed by the remote host
2024-12-17 10:25:31 - ERROR - Server Error: Error forwarding data: [WinError 10054] An existing connection was forcibly closed by the remote host
2024-12-17 10:25:31 - ERROR - Server Error: Error forwarding data: [WinError 10054] An existing connection was forcibly closed by the remote host
2024-12-17 10:25:31 - ERROR - Server Error: Error forwarding data: [WinError 10054] An existing connection was forcibly closed by the remote host
2024-12-17 10:25:31 - ERROR - Server Error: Error forwarding data: [WinError 10054] An existing connection was forcibly closed by the remote host
2024-12-17 10:25:31 - ERROR - Server Error: Error forwarding data: [WinError 10054] An existing connection was forcibly closed by the remote host
2024-12-17 10:25:31 - ERROR - Server Error: Error forwarding data: [WinError 10054] An existing connection was forcibly closed by the remote host
2024-12-17 10:25:31 - ERROR - Server Error: Error forwarding data: [WinError 10054] An existing connection was forcibly closed by the remote host
2024-12-17 10:25:31 - ERROR - Server Error: Error forwarding data: [WinError 10054] An existing connection was forcibly closed by the remote host
2024-12-17 10:25:31 - ERROR - Server Error: Error forwarding data: [WinError 10054] An existing connection was forcibly closed by the remote host
2024-12-17 10:25:31 - ERROR - Server Error: Error forwarding data: [WinError 10054] An existing connection was forcibly closed by the remote host
2024-12-17 10:25:32 - ERROR - Server Error: Error forwarding data: [WinError 10054] An existing connection was forcibly closed by the remote host
2024-12-17 10:25:32 - ERROR - Server Error: Error forwarding data: [WinError 10054] An existing connection was forcibly closed by the remote host
2024-12-17 10:25:32 - ERROR - Server Error: Error forwarding data: [WinError 10054] An existing connection was forcibly closed by the remote host
2024-12-17 10:25:32 - ERROR - Server Error: Error forwarding data: [WinError 10054] An existing connection was forcibly closed by the remote host
2024-12-17 10:25:32 - ERROR - Server Error: Error forwarding data: [WinError 10054] An existing connection was forcibly closed by the remote host
2024-12-17 10:25:32 - ERROR - Server Error: Error forwarding data: [WinError 10054] An existing connection was forcibly closed by the remote host
2024-12-17 10:25:32 - ERROR - Server Error: Error forwarding data: [WinError 10054] An existing connection was forcibly closed by the remote host
2024-12-17 10:25:32 - ERROR - Server Error: Error forwarding data: [WinError 10054] An existing connection was forcibly closed by the remote host
2024-12-17 10:25:32 - ERROR - Server Error: Error forwarding data: [WinError 10054] An existing connection was forcibly closed by the remote host
2024-12-17 10:25:32 - ERROR - Server Error: Error forwarding data: [WinError 10054] An existing connection was forcibly closed by the remote host
2024-12-17 10:25:32 - ERROR - Server Error: Error forwarding data: [WinError 10054] An existing connection was forcibly closed by the remote host
2024-12-17 10:25:32 - ERROR - Server Error: Error forwarding data: [WinError 10054] An existing connection was forcibly closed by the remote host
2024-12-17 10:25:32 - ERROR - Server Error: Error forwarding data: [WinError 10054] An existing connection was forcibly closed by the remote host
2024-12-17 10:25:32 - ERROR - Server Error: Error forwarding data: [WinError 10054] An existing connection was forcibly closed by the remote host
2024-12-17 10:25:32 - ERROR - Server Error: Error forwarding data: [WinError 10054] An existing connection was forcibly closed by the remote host
2024-12-17 10:25:32 - ERROR - Server Error: Error forwarding data: [WinError 10054] An existing connection was forcibly closed by the remote host
2024-12-17 10:25:32 - ERROR - Server Error: Error forwarding data: [WinError 10054] An existing connection was forcibly closed by the remote host
2024-12-17 10:25:32 - ERROR - Server Error: Error forwarding data: [WinError 10054] An existing connection was forcibly closed by the remote host
2024-12-17 10:25:32 - ERROR - Server Error: Error forwarding data: [WinError 10054] An existing connection was forcibly closed by the remote host
2024-12-17 10:25:33 - ERROR - Server Error: Error forwarding data: [WinError 10054] An existing connection was forcibly closed by the remote host
2024-12-17 10:25:33 - ERROR - Server Error: Error forwarding data: [WinError 10054] An existing connection was forcibly closed by the remote host
2024-12-17 10:25:33 - ERROR - Server Error: Error forwarding data: [WinError 10054] An existing connection was forcibly closed by the remote host
2024-12-17 10:26:36 - ERROR - Server Error: Error forwarding data: [WinError 10054] An existing connection was forcibly closed by the remote host
2024-12-17 10:26:36 - ERROR - Server Error: Error forwarding data: [WinError 10054] An existing connection was forcibly closed by the remote host
2024-12-17 10:26:36 - ERROR - Server Error: Error forwarding data: [WinError 10054] An existing connection was forcibly closed by the remote host
2024-12-17 10:26:36 - ERROR - Server Error: Error forwarding data: [WinError 10054] An existing connection was forcibly closed by the remote host
2024-12-17 10:26:36 - ERROR - Server Error: Error forwarding data: [WinError 10054] An existing connection was forcibly closed by the remote host
2024-12-17 10:26:36 - ERROR - Server Error: Error forwarding data: [WinError 10054] An existing connection was forcibly closed by the remote host
2024-12-17 10:26:36 - ERROR - Server Error: Error forwarding data: [WinError 10054] An existing connection was forcibly closed by the remote host
2024-12-17 10:26:36 - ERROR - Server Error: Error forwarding data: [WinError 10054] An existing connection was forcibly closed by the remote host
2024-12-17 10:26:36 - ERROR - Server Error: Error forwarding data: [WinError 10054] An existing connection was forcibly closed by the remote host
2024-12-17 10:26:36 - ERROR - Server Error: Error forwarding data: [WinError 10054] An existing connection was forcibly closed by the remote host
2024-12-17 10:26:36 - ERROR - Server Error: Error forwarding data: [WinError 10054] An existing connection was forcibly closed by the remote host
2024-12-17 10:26:36 - ERROR - Server Error: Error forwarding data: [WinError 10054] An existing connection was forcibly closed by the remote host
2024-12-17 10:26:36 - ERROR - Server Error: Error forwarding data: [WinError 10054] An existing connection was forcibly closed by the remote host
2024-12-17 10:26:36 - ERROR - Server Error: Error forwarding data: [WinError 10054] An existing connection was forcibly closed by the remote host
2024-12-17 10:26:37 - ERROR - Server Error: Error forwarding data: [WinError 10054] An existing connection was forcibly closed by the remote host
2024-12-17 10:26:38 - ERROR - Server Error: Error forwarding data: [WinError 10054] An existing connection was forcibly closed by the remote host
2024-12-17 10:26:38 - ERROR - Server Error: Error forwarding data: [WinError 10054] An existing connection was forcibly closed by the remote host
2024-12-17 10:26:39 - ERROR - Server Error: Error forwarding data: [WinError 10054] An existing connection was forcibly closed by the remote host
2024-12-17 10:26:39 - ERROR - Server Error: Error forwarding data: [WinError 10054] An existing connection was forcibly closed by the remote host
2024-12-17 10:26:39 - ERROR - Server Error: Error forwarding data: [WinError 10054] An existing connection was forcibly closed by the remote host
2024-12-17 10:26:39 - ERROR - Server Error: Error forwarding data: [WinError 10054] An existing connection was forcibly closed by the remote host
2024-12-17 10:26:39 - ERROR - Server Error: Error forwarding data: [WinError 10054] An existing connection was forcibly closed by the remote host
2024-12-17 10:26:39 - ERROR - Server Error: Error forwarding data: [WinError 10054] An existing connection was forcibly closed by the remote host
2024-12-17 10:26:39 - ERROR - Server Error: Error forwarding data: [WinError 10054] An existing connection was forcibly closed by the remote host
2024-12-17 10:26:39 - ERROR - Server Error: Error forwarding data: [WinError 10054] An existing connection was forcibly closed by the remote host
2024-12-17 10:26:39 - ERROR - Server Error: Error forwarding data: [WinError 10054] An existing connection was forcibly closed by the remote host
2024-12-17 10:26:39 - ERROR - Server Error: Error forwarding data: [WinError 10054] An existing connection was forcibly closed by the remote host
2024-12-17 10:26:39 - ERROR - Server Error: Error forwarding data: [WinError 10054] An existing connection was forcibly closed by the remote host
2024-12-17 10:26:39 - ERROR - Server Error: Error forwarding data: [WinError 10054] An existing connection was forcibly closed by the remote host
2024-12-17 10:26:39 - ERROR - Server Error: Error forwarding data: [WinError 10054] An existing connection was forcibly closed by the remote host
2024-12-17 10:26:39 - ERROR - Server Error: Error forwarding data: [WinError 10054] An existing connection was forcibly closed by the remote host
2024-12-17 10:26:40 - ERROR - Server Error: Error forwarding data: [WinError 10054] An existing connection was forcibly closed by the remote host
2024-12-17 10:26:43 - ERROR - Server Error: Error forwarding data: [WinError 10054] An existing connection was forcibly closed by the remote host
2024-12-17 10:26:43 - ERROR - Server Error: Error forwarding data: [WinError 10054] An existing connection was forcibly closed by the remote host
2024-12-17 10:26:43 - ERROR - Server Error: Error forwarding data: [WinError 10054] An existing connection was forcibly closed by the remote host
2024-12-17 10:26:43 - ERROR - Server Error: Error forwarding data: [WinError 10054] An existing connection was forcibly closed by the remote host
2024-12-17 10:26:43 - ERROR - Server Error: Error forwarding data: [WinError 10054] An existing connection was forcibly closed by the remote host
2024-12-17 10:27:16 - ERROR - Server Error: Error forwarding data: [WinError 10054] An existing connection was forcibly closed by the remote host
2024-12-17 10:27:16 - ERROR - Server Error: Error forwarding data: [WinError 10054] An existing connection was forcibly closed by the remote host
2024-12-17 10:27:16 - ERROR - Server Error: Error forwarding data: [WinError 10054] An existing connection was forcibly closed by the remote host
2024-12-17 10:27:16 - ERROR - Server Error: Error forwarding data: [WinError 10054] An existing connection was forcibly closed by the remote host
2024-12-17 10:30:37 - ERROR - Functionality Error: Error receiving data: [WinError 10054] An existing connection was forcibly closed by the remote host
2024-12-17 10:30:41 - ERROR - Client Error: Error sending data: [WinError 10054] An existing connection was forcibly closed by the remote host
2024-12-17 10:30:41 - ERROR - Client Error: Error sending data: [WinError 10054] An existing connection was forcibly closed by the remote host
2024-12-17 10:30:45 - ERROR - Client Error: Error sending data: [WinError 10054] An existing connection was forcibly closed by the remote host
2024-12-17 10:30:50 - ERROR - Client Error: Error sending data: [WinError 10054] An existing connection was forcibly closed by the remote host
2024-12-17 10:30:50 - ERROR - Client Error: Error sending data: [WinError 10054] An existing connection was forcibly closed by the remote host
2024-12-17 10:30:50 - ERROR - Client Error: Error sending data: [WinError 10054] An existing connection was forcibly closed by the remote host
2024-12-17 10:30:50 - ERROR - Client Error: Error sending data: [WinError 10054] An existing connection was forcibly closed by the remote host
2024-12-17 10:31:58 - ERROR - Functionality Error: Error receiving data: [WinError 10054] An existing connection was forcibly closed by the remote host
2024-12-17 10:33:17 - ERROR - Functionality Error: Error receiving data: [WinError 10054] An existing connection was forcibly closed by the remote host
2024-12-17 10:34:02 - ERROR - Client Error: Error sending data: [WinError 10054] An existing connection was forcibly closed by the remote host
2024-12-17 10:34:02 - ERROR - Client Error: Error sending data: [WinError 10054] An existing connection was forcibly closed by the remote host
2024-12-17 10:34:02 - ERROR - Client Error: Error sending data: [WinError 10054] An existing connection was forcibly closed by the remote host
2024-12-17 10:34:02 - ERROR - Client Error: Error sending data: [WinError 10054] An existing connection was forcibly closed by the remote host
2024-12-17 10:34:02 - ERROR - Client Error: Error sending data: [WinError 10054] An existing connection was forcibly closed by the remote host
2024-12-17 10:34:02 - ERROR - Client Error: Error sending data: [WinError 10054] An existing connection was forcibly closed by the remote host
2024-12-17 10:34:02 - ERROR - Client Error: Error sending data: [WinError 10054] An existing connection was forcibly closed by the remote host
2024-12-17 10:34:02 - ERROR - Client Error: Error sending data: [WinError 10054] An existing connection was forcibly closed by the remote host
2024-12-17 10:34:02 - ERROR - Client Error: Error sending data: [WinError 10054] An existing connection was forcibly closed by the remote host
2024-12-17 10:34:02 - ERROR - Client Error: Error sending data: [WinError 10054] An existing connection was forcibly closed by the remote host
2024-12-17 10:34:02 - ERROR - Client Error: Error sending data: [WinError 10054] An existing connection was forcibly closed by the remote host
2024-12-17 10:34:02 - ERROR - Client Error: Error sending data: [WinError 10054] An existing connection was forcibly closed by the remote host
2024-12-17 10:34:03 - ERROR - Client Error: Error sending data: [WinError 10054] An existing connection was forcibly closed by the remote host
2024-12-17 10:34:03 - ERROR - Client Error: Error sending data: [WinError 10054] An existing connection was forcibly closed by the remote host
2024-12-17 10:34:03 - ERROR - Client Error: Error sending data: [WinError 10054] An existing connection was forcibly closed by the remote host
2024-12-17 10:34:03 - ERROR - Client Error: Error sending data: [WinError 10054] An existing connection was forcibly closed by the remote host
2024-12-17 10:34:03 - ERROR - Client Error: Error sending data: [WinError 10054] An existing connection was forcibly closed by the remote host
2024-12-17 10:34:03 - ERROR - Client Error: Error sending data: [WinError 10054] An existing connection was forcibly closed by the remote host
2024-12-17 10:34:03 - ERROR - Client Error: Error sending data: [WinError 10054] An existing connection was forcibly closed by the remote host
2024-12-17 10:34:03 - ERROR - Client Error: Error sending data: [WinError 10054] An existing connection was forcibly closed by the remote host
2024-12-17 10:34:05 - ERROR - Client Error: Error sending data: [WinError 10054] An existing connection was forcibly closed by the remote host
2024-12-17 10:34:05 - ERROR - Client Error: Error sending data: [WinError 10054] An existing connection was forcibly closed by the remote host
2024-12-17 10:34:05 - ERROR - Client Error: Error sending data: [WinError 10054] An existing connection was forcibly closed by the remote host
2024-12-17 10:34:05 - ERROR - Client Error: Error sending data: [WinError 10054] An existing connection was forcibly closed by the remote host
2024-12-17 10:34:05 - ERROR - Client Error: Error sending data: [WinError 10054] An existing connection was forcibly closed by the remote host
2024-12-17 10:34:05 - ERROR - Client Error: Error sending data: [WinError 10054] An existing connection was forcibly closed by the remote host
2024-12-17 10:34:05 - ERROR - Client Error: Error sending data: [WinError 10054] An existing connection was forcibly closed by the remote host
2024-12-17 10:34:05 - ERROR - Client Error: Error sending data: [WinError 10054] An existing connection was forcibly closed by the remote host
2024-12-17 10:34:05 - ERROR - Client Error: Error sending data: [WinError 10054] An existing connection was forcibly closed by the remote host
2024-12-17 10:34:05 - ERROR - Client Error: Error sending data: [WinError 10054] An existing connection was forcibly closed by the remote host
2024-12-17 10:34:05 - ERROR - Client Error: Error sending data: [WinError 10054] An existing connection was forcibly closed by the remote host
2024-12-17 10:34:06 - ERROR - Client Error: Error sending data: [WinError 10054] An existing connection was forcibly closed by the remote host
2024-12-17 10:34:06 - ERROR - Client Error: Error sending data: [WinError 10054] An existing connection was forcibly closed by the remote host
2024-12-17 10:34:06 - ERROR - Client Error: Error sending data: [WinError 10054] An existing connection was forcibly closed by the remote host
2024-12-17 10:34:06 - ERROR - Client Error: Error sending data: [WinError 10054] An existing connection was forcibly closed by the remote host
2024-12-17 10:34:06 - ERROR - Client Error: Error sending data: [WinError 10054] An existing connection was forcibly closed by the remote host
2024-12-17 10:34:06 - ERROR - Client Error: Error sending data: [WinError 10054] An existing connection was forcibly closed by the remote host
2024-12-17 10:34:06 - ERROR - Client Error: Error sending data: [WinError 10054] An existing connection was forcibly closed by the remote host
2024-12-17 10:34:06 - ERROR - Client Error: Error sending data: [WinError 10054] An existing connection was forcibly closed by the remote host
2024-12-17 10:34:06 - ERROR - Client Error: Error sending data: [WinError 10054] An existing connection was forcibly closed by the remote host
2024-12-17 10:34:06 - ERROR - Client Error: Error sending data: [WinError 10054] An existing connection was forcibly closed by the remote host
2024-12-17 10:34:06 - ERROR - Client Error: Error sending data: [WinError 10054] An existing connection was forcibly closed by the remote host
2024-12-17 10:34:06 - ERROR - Client Error: Error sending data: [WinError 10054] An existing connection was forcibly closed by the remote host
2024-12-17 10:34:06 - ERROR - Client Error: Error sending data: [WinError 10054] An existing connection was forcibly closed by the remote host
2024-12-17 10:34:06 - ERROR - Client Error: Error sending data: [WinError 10054] An existing connection was forcibly closed by the remote host
2024-12-17 10:34:07 - ERROR - Client Error: Error sending data: [WinError 10054] An existing connection was forcibly closed by the remote host
2024-12-17 10:34:07 - ERROR - Client Error: Error sending data: [WinError 10054] An existing connection was forcibly closed by the remote host
2024-12-17 10:34:07 - ERROR - Client Error: Error sending data: [WinError 10054] An existing connection was forcibly closed by the remote host
2024-12-17 10:34:07 - ERROR - Client Error: Error sending data: [WinError 10054] An existing connection was forcibly closed by the remote host
2024-12-17 10:34:07 - ERROR - Client Error: Error sending data: [WinError 10054] An existing connection was forcibly closed by the remote host
2024-12-17 10:34:07 - ERROR - Client Error: Error sending data: [WinError 10054] An existing connection was forcibly closed by the remote host
2024-12-17 10:34:07 - ERROR - Client Error: Error sending data: [WinError 10054] An existing connection was forcibly closed by the remote host
2024-12-17 10:34:07 - ERROR - Client Error: Error sending data: [WinError 10054] An existing connection was forcibly closed by the remote host
2024-12-17 10:34:07 - ERROR - Client Error: Error sending data: [WinError 10054] An existing connection was forcibly closed by the remote host
2024-12-17 10:34:07 - ERROR - Client Error: Error sending data: [WinError 10054] An existing connection was forcibly closed by the remote host
2024-12-17 10:34:07 - ERROR - Client Error: Error sending data: [WinError 10054] An existing connection was forcibly closed by the remote host
2024-12-17 10:34:07 - ERROR - Client Error: Error sending data: [WinError 10054] An existing connection was forcibly closed by the remote host
2024-12-17 10:34:07 - ERROR - Client Error: Error sending data: [WinError 10054] An existing connection was forcibly closed by the remote host
2024-12-17 10:34:07 - ERROR - Client Error: Error sending data: [WinError 10054] An existing connection was forcibly closed by the remote host
2024-12-17 10:34:07 - ERROR - Client Error: Error sending data: [WinError 10054] An existing connection was forcibly closed by the remote host
2024-12-17 10:34:10 - ERROR - Client Error: Error sending data: [WinError 10054] An existing connection was forcibly closed by the remote host
2024-12-17 10:34:10 - ERROR - Client Error: Error sending data: [WinError 10054] An existing connection was forcibly closed by the remote host
2024-12-17 10:34:10 - ERROR - Client Error: Error sending data: [WinError 10054] An existing connection was forcibly closed by the remote host
2024-12-17 10:34:10 - ERROR - Client Error: Error sending data: [WinError 10054] An existing connection was forcibly closed by the remote host
2024-12-17 10:34:10 - ERROR - Client Error: Error sending data: [WinError 10054] An existing connection was forcibly closed by the remote host
2024-12-17 10:34:10 - ERROR - Client Error: Error sending data: [WinError 10054] An existing connection was forcibly closed by the remote host
2024-12-17 10:34:10 - ERROR - Client Error: Error sending data: [WinError 10054] An existing connection was forcibly closed by the remote host
2024-12-17 10:34:10 - ERROR - Client Error: Error sending data: [WinError 10054] An existing connection was forcibly closed by the remote host
2024-12-17 10:34:10 - ERROR - Client Error: Error sending data: [WinError 10054] An existing connection was forcibly closed by the remote host
2024-12-17 10:35:47 - ERROR - Functionality Error: Error receiving data: [WinError 10054] An existing connection was forcibly closed by the remote host
2024-12-17 10:35:47 - ERROR - Client Error: Error sending data: [WinError 10054] An existing connection was forcibly closed by the remote host
2024-12-17 10:35:47 - ERROR - Client Error: Error sending data: [WinError 10054] An existing connection was forcibly closed by the remote host
2024-12-17 10:35:47 - ERROR - Client Error: Error sending data: [WinError 10054] An existing connection was forcibly closed by the remote host
2024-12-17 10:35:47 - ERROR - Client Error: Error sending data: [WinError 10054] An existing connection was forcibly closed by the remote host
2024-12-17 10:35:47 - ERROR - Client Error: Error sending data: [WinError 10054] An existing connection was forcibly closed by the remote host
2024-12-17 10:35:47 - ERROR - Client Error: Error sending data: [WinError 10054] An existing connection was forcibly closed by the remote host
2024-12-17 10:35:47 - ERROR - Client Error: Error sending data: [WinError 10054] An existing connection was forcibly closed by the remote host
2024-12-17 10:35:47 - ERROR - Client Error: Error sending data: [WinError 10054] An existing connection was forcibly closed by the remote host
2024-12-17 10:35:47 - ERROR - Client Error: Error sending data: [WinError 10054] An existing connection was forcibly closed by the remote host
2024-12-17 10:35:47 - ERROR - Client Error: Error sending data: [WinError 10054] An existing connection was forcibly closed by the remote host
2024-12-17 10:35:47 - ERROR - Client Error: Error sending data: [WinError 10054] An existing connection was forcibly closed by the remote host
2024-12-17 10:35:47 - ERROR - Client Error: Error sending data: [WinError 10054] An existing connection was forcibly closed by the remote host
2024-12-17 10:35:47 - ERROR - Client Error: Error sending data: [WinError 10054] An existing connection was forcibly closed by the remote host
2024-12-17 10:35:47 - ERROR - Client Error: Error sending data: [WinError 10054] An existing connection was forcibly closed by the remote host
2024-12-17 10:35:47 - ERROR - Client Error: Error sending data: [WinError 10054] An existing connection was forcibly closed by the remote host
2024-12-17 10:35:47 - ERROR - Client Error: Error sending data: [WinError 10054] An existing connection was forcibly closed by the remote host
2024-12-17 10:35:47 - ERROR - Client Error: Error sending data: [WinError 10054] An existing connection was forcibly closed by the remote host
2024-12-17 10:35:47 - ERROR - Client Error: Error sending data: [WinError 10054] An existing connection was forcibly closed by the remote host
2024-12-17 10:35:47 - ERROR - Client Error: Error sending data: [WinError 10054] An existing connection was forcibly closed by the remote host
2024-12-17 10:35:47 - ERROR - Client Error: Error sending data: [WinError 10054] An existing connection was forcibly closed by the remote host
2024-12-17 10:35:47 - ERROR - Client Error: Error sending data: [WinError 10054] An existing connection was forcibly closed by the remote host
2024-12-17 10:35:47 - ERROR - Client Error: Error sending data: [WinError 10054] An existing connection was forcibly closed by the remote host
2024-12-17 10:35:47 - ERROR - Client Error: Error sending data: [WinError 10054] An existing connection was forcibly closed by the remote host
2024-12-17 10:35:47 - ERROR - Client Error: Error sending data: [WinError 10054] An existing connection was forcibly closed by the remote host
2024-12-17 10:35:47 - ERROR - Client Error: Error sending data: [WinError 10054] An existing connection was forcibly closed by the remote host
2024-12-17 10:35:47 - ERROR - Client Error: Error sending data: [WinError 10054] An existing connection was forcibly closed by the remote host
2024-12-17 10:35:47 - ERROR - Client Error: Error sending data: [WinError 10054] An existing connection was forcibly closed by the remote host
2024-12-17 10:35:47 - ERROR - Client Error: Error sending data: [WinError 10054] An existing connection was forcibly closed by the remote host
2024-12-17 10:35:48 - ERROR - Client Error: Error sending data: [WinError 10054] An existing connection was forcibly closed by the remote host
2024-12-17 10:35:48 - ERROR - Client Error: Error sending data: [WinError 10054] An existing connection was forcibly closed by the remote host
2024-12-17 10:35:48 - ERROR - Client Error: Error sending data: [WinError 10054] An existing connection was forcibly closed by the remote host
2024-12-17 10:35:48 - ERROR - Client Error: Error sending data: [WinError 10054] An existing connection was forcibly closed by the remote host
2024-12-17 10:35:48 - ERROR - Client Error: Error sending data: [WinError 10054] An existing connection was forcibly closed by the remote host
2024-12-17 10:35:48 - ERROR - Client Error: Error sending data: [WinError 10054] An existing connection was forcibly closed by the remote host
2024-12-17 10:35:48 - ERROR - Client Error: Error sending data: [WinError 10054] An existing connection was forcibly closed by the remote host
2024-12-17 10:35:48 - ERROR - Client Error: Error sending data: [WinError 10054] An existing connection was forcibly closed by the remote host
2024-12-17 10:35:48 - ERROR - Client Error: Error sending data: [WinError 10054] An existing connection was forcibly closed by the remote host
2024-12-17 10:35:48 - ERROR - Client Error: Error sending data: [WinError 10054] An existing connection was forcibly closed by the remote host
2024-12-17 10:35:48 - ERROR - Client Error: Error sending data: [WinError 10054] An existing connection was forcibly closed by the remote host
2024-12-17 10:35:48 - ERROR - Client Error: Error sending data: [WinError 10054] An existing connection was forcibly closed by the remote host
2024-12-17 10:35:48 - ERROR - Client Error: Error sending data: [WinError 10054] An existing connection was forcibly closed by the remote host
2024-12-17 10:35:48 - ERROR - Client Error: Error sending data: [WinError 10054] An existing connection was forcibly closed by the remote host
2024-12-17 10:35:48 - ERROR - Client Error: Error sending data: [WinError 10054] An existing connection was forcibly closed by the remote host
2024-12-17 10:35:50 - ERROR - Client Error: Error sending data: [WinError 10054] An existing connection was forcibly closed by the remote host
2024-12-17 10:35:50 - ERROR - Client Error: Error sending data: [WinError 10054] An existing connection was forcibly closed by the remote host
2024-12-17 10:35:50 - ERROR - Client Error: Error sending data: [WinError 10054] An existing connection was forcibly closed by the remote host
2024-12-17 10:35:50 - ERROR - Client Error: Error sending data: [WinError 10054] An existing connection was forcibly closed by the remote host
2024-12-17 10:35:51 - ERROR - Client Error: Error sending data: [WinError 10054] An existing connection was forcibly closed by the remote host
2024-12-17 10:35:51 - ERROR - Client Error: Error sending data: [WinError 10054] An existing connection was forcibly closed by the remote host
2024-12-17 10:35:51 - ERROR - Client Error: Error sending data: [WinError 10054] An existing connection was forcibly closed by the remote host
2024-12-17 10:35:51 - ERROR - Client Error: Error sending data: [WinError 10054] An existing connection was forcibly closed by the remote host
2024-12-17 10:35:51 - ERROR - Client Error: Error sending data: [WinError 10054] An existing connection was forcibly closed by the remote host
2024-12-17 10:35:51 - ERROR - Client Error: Error sending data: [WinError 10054] An existing connection was forcibly closed by the remote host
2024-12-17 10:35:51 - ERROR - Client Error: Error sending data: [WinError 10054] An existing connection was forcibly closed by the remote host
2024-12-17 10:35:58 - ERROR - Client Error: Error sending data: [WinError 10054] An existing connection was forcibly closed by the remote host
2024-12-17 10:35:58 - ERROR - Client Error: Error sending data: [WinError 10054] An existing connection was forcibly closed by the remote host
2024-12-17 10:35:58 - ERROR - Client Error: Error sending data: [WinError 10054] An existing connection was forcibly closed by the remote host
2024-12-17 10:59:31 - ERROR - Functionality Error: Error in the Main_loop: PyAutoGUI fail-safe triggered from mouse moving to a corner of the screen. To disable this fail-safe, set pyautogui.FAILSAFE to False. DISABLING FAIL-SAFE IS NOT RECOMMENDED.
2024-12-17 10:59:31 - ERROR - Functionality Error: Error in the Main_loop: PyAutoGUI fail-safe triggered from mouse moving to a corner of the screen. To disable this fail-safe, set pyautogui.FAILSAFE to False. DISABLING FAIL-SAFE IS NOT RECOMMENDED.
2024-12-17 10:59:31 - ERROR - Functionality Error: Error in the Main_loop: PyAutoGUI fail-safe triggered from mouse moving to a corner of the screen. To disable this fail-safe, set pyautogui.FAILSAFE to False. DISABLING FAIL-SAFE IS NOT RECOMMENDED.
2024-12-17 10:59:31 - ERROR - Functionality Error: Error in the Main_loop: PyAutoGUI fail-safe triggered from mouse moving to a corner of the screen. To disable this fail-safe, set pyautogui.FAILSAFE to False. DISABLING FAIL-SAFE IS NOT RECOMMENDED.
2024-12-17 10:59:31 - ERROR - Functionality Error: Error in the Main_loop: PyAutoGUI fail-safe triggered from mouse moving to a corner of the screen. To disable this fail-safe, set pyautogui.FAILSAFE to False. DISABLING FAIL-SAFE IS NOT RECOMMENDED.
2024-12-17 10:59:31 - ERROR - Functionality Error: Error in the Main_loop: PyAutoGUI fail-safe triggered from mouse moving to a corner of the screen. To disable this fail-safe, set pyautogui.FAILSAFE to False. DISABLING FAIL-SAFE IS NOT RECOMMENDED.
2024-12-17 10:59:31 - ERROR - Functionality Error: Error in the Main_loop: PyAutoGUI fail-safe triggered from mouse moving to a corner of the screen. To disable this fail-safe, set pyautogui.FAILSAFE to False. DISABLING FAIL-SAFE IS NOT RECOMMENDED.
2024-12-17 10:59:31 - ERROR - Functionality Error: Error in the Main_loop: PyAutoGUI fail-safe triggered from mouse moving to a corner of the screen. To disable this fail-safe, set pyautogui.FAILSAFE to False. DISABLING FAIL-SAFE IS NOT RECOMMENDED.
2024-12-17 10:59:31 - ERROR - Functionality Error: Error in the Main_loop: PyAutoGUI fail-safe triggered from mouse moving to a corner of the screen. To disable this fail-safe, set pyautogui.FAILSAFE to False. DISABLING FAIL-SAFE IS NOT RECOMMENDED.
2024-12-17 10:59:31 - ERROR - Functionality Error: Error in the Main_loop: PyAutoGUI fail-safe triggered from mouse moving to a corner of the screen. To disable this fail-safe, set pyautogui.FAILSAFE to False. DISABLING FAIL-SAFE IS NOT RECOMMENDED.
2024-12-17 10:59:31 - ERROR - Functionality Error: Error in the Main_loop: PyAutoGUI fail-safe triggered from mouse moving to a corner of the screen. To disable this fail-safe, set pyautogui.FAILSAFE to False. DISABLING FAIL-SAFE IS NOT RECOMMENDED.
2024-12-17 10:59:31 - ERROR - Functionality Error: Error in the Main_loop: PyAutoGUI fail-safe triggered from mouse moving to a corner of the screen. To disable this fail-safe, set pyautogui.FAILSAFE to False. DISABLING FAIL-SAFE IS NOT RECOMMENDED.
2024-12-17 10:59:31 - ERROR - Functionality Error: Error in the Main_loop: PyAutoGUI fail-safe triggered from mouse moving to a corner of the screen. To disable this fail-safe, set pyautogui.FAILSAFE to False. DISABLING FAIL-SAFE IS NOT RECOMMENDED.
2024-12-17 10:59:31 - ERROR - Functionality Error: Error in the Main_loop: PyAutoGUI fail-safe triggered from mouse moving to a corner of the screen. To disable this fail-safe, set pyautogui.FAILSAFE to False. DISABLING FAIL-SAFE IS NOT RECOMMENDED.
2024-12-17 10:59:31 - ERROR - Functionality Error: Error in the Main_loop: PyAutoGUI fail-safe triggered from mouse moving to a corner of the screen. To disable this fail-safe, set pyautogui.FAILSAFE to False. DISABLING FAIL-SAFE IS NOT RECOMMENDED.
2024-12-17 10:59:31 - ERROR - Functionality Error: Error in the Main_loop: PyAutoGUI fail-safe triggered from mouse moving to a corner of the screen. To disable this fail-safe, set pyautogui.FAILSAFE to False. DISABLING FAIL-SAFE IS NOT RECOMMENDED.
2024-12-17 10:59:31 - ERROR - Functionality Error: Error in the Main_loop: PyAutoGUI fail-safe triggered from mouse moving to a corner of the screen. To disable this fail-safe, set pyautogui.FAILSAFE to False. DISABLING FAIL-SAFE IS NOT RECOMMENDED.
2024-12-17 10:59:31 - ERROR - Functionality Error: Error in the Main_loop: PyAutoGUI fail-safe triggered from mouse moving to a corner of the screen. To disable this fail-safe, set pyautogui.FAILSAFE to False. DISABLING FAIL-SAFE IS NOT RECOMMENDED.
2024-12-17 10:59:31 - ERROR - Functionality Error: Error in the Main_loop: PyAutoGUI fail-safe triggered from mouse moving to a corner of the screen. To disable this fail-safe, set pyautogui.FAILSAFE to False. DISABLING FAIL-SAFE IS NOT RECOMMENDED.
2024-12-17 10:59:31 - ERROR - Functionality Error: Error in the Main_loop: PyAutoGUI fail-safe triggered from mouse moving to a corner of the screen. To disable this fail-safe, set pyautogui.FAILSAFE to False. DISABLING FAIL-SAFE IS NOT RECOMMENDED.
2024-12-17 10:59:31 - ERROR - Functionality Error: Error in the Main_loop: PyAutoGUI fail-safe triggered from mouse moving to a corner of the screen. To disable this fail-safe, set pyautogui.FAILSAFE to False. DISABLING FAIL-SAFE IS NOT RECOMMENDED.
2024-12-17 10:59:31 - ERROR - Functionality Error: Error in the Main_loop: PyAutoGUI fail-safe triggered from mouse moving to a corner of the screen. To disable this fail-safe, set pyautogui.FAILSAFE to False. DISABLING FAIL-SAFE IS NOT RECOMMENDED.
2024-12-17 10:59:31 - ERROR - Functionality Error: Error in the Main_loop: PyAutoGUI fail-safe triggered from mouse moving to a corner of the screen. To disable this fail-safe, set pyautogui.FAILSAFE to False. DISABLING FAIL-SAFE IS NOT RECOMMENDED.
2024-12-17 10:59:31 - ERROR - Functionality Error: Error in the Main_loop: PyAutoGUI fail-safe triggered from mouse moving to a corner of the screen. To disable this fail-safe, set pyautogui.FAILSAFE to False. DISABLING FAIL-SAFE IS NOT RECOMMENDED.
2024-12-17 10:59:31 - ERROR - Functionality Error: Error in the Main_loop: PyAutoGUI fail-safe triggered from mouse moving to a corner of the screen. To disable this fail-safe, set pyautogui.FAILSAFE to False. DISABLING FAIL-SAFE IS NOT RECOMMENDED.
2024-12-17 10:59:31 - ERROR - Functionality Error: Error in the Main_loop: PyAutoGUI fail-safe triggered from mouse moving to a corner of the screen. To disable this fail-safe, set pyautogui.FAILSAFE to False. DISABLING FAIL-SAFE IS NOT RECOMMENDED.
2024-12-17 10:59:31 - ERROR - Functionality Error: Error in the Main_loop: PyAutoGUI fail-safe triggered from mouse moving to a corner of the screen. To disable this fail-safe, set pyautogui.FAILSAFE to False. DISABLING FAIL-SAFE IS NOT RECOMMENDED.
2024-12-17 10:59:31 - ERROR - Functionality Error: Error in the Main_loop: PyAutoGUI fail-safe triggered from mouse moving to a corner of the screen. To disable this fail-safe, set pyautogui.FAILSAFE to False. DISABLING FAIL-SAFE IS NOT RECOMMENDED.
2024-12-17 10:59:31 - ERROR - Functionality Error: Error in the Main_loop: PyAutoGUI fail-safe triggered from mouse moving to a corner of the screen. To disable this fail-safe, set pyautogui.FAILSAFE to False. DISABLING FAIL-SAFE IS NOT RECOMMENDED.
2024-12-17 10:59:31 - ERROR - Functionality Error: Error in the Main_loop: PyAutoGUI fail-safe triggered from mouse moving to a corner of the screen. To disable this fail-safe, set pyautogui.FAILSAFE to False. DISABLING FAIL-SAFE IS NOT RECOMMENDED.
2024-12-17 10:59:31 - ERROR - Functionality Error: Error in the Main_loop: PyAutoGUI fail-safe triggered from mouse moving to a corner of the screen. To disable this fail-safe, set pyautogui.FAILSAFE to False. DISABLING FAIL-SAFE IS NOT RECOMMENDED.
2024-12-17 10:59:31 - ERROR - Functionality Error: Error in the Main_loop: PyAutoGUI fail-safe triggered from mouse moving to a corner of the screen. To disable this fail-safe, set pyautogui.FAILSAFE to False. DISABLING FAIL-SAFE IS NOT RECOMMENDED.
2024-12-17 10:59:31 - ERROR - Functionality Error: Error in the Main_loop: PyAutoGUI fail-safe triggered from mouse moving to a corner of the screen. To disable this fail-safe, set pyautogui.FAILSAFE to False. DISABLING FAIL-SAFE IS NOT RECOMMENDED.
2024-12-17 10:59:31 - ERROR - Functionality Error: Error in the Main_loop: PyAutoGUI fail-safe triggered from mouse moving to a corner of the screen. To disable this fail-safe, set pyautogui.FAILSAFE to False. DISABLING FAIL-SAFE IS NOT RECOMMENDED.
2024-12-17 10:59:31 - ERROR - Functionality Error: Error in the Main_loop: PyAutoGUI fail-safe triggered from mouse moving to a corner of the screen. To disable this fail-safe, set pyautogui.FAILSAFE to False. DISABLING FAIL-SAFE IS NOT RECOMMENDED.
2024-12-17 10:59:31 - ERROR - Functionality Error: Error in the Main_loop: PyAutoGUI fail-safe triggered from mouse moving to a corner of the screen. To disable this fail-safe, set pyautogui.FAILSAFE to False. DISABLING FAIL-SAFE IS NOT RECOMMENDED.
2024-12-17 10:59:31 - ERROR - Functionality Error: Error in the Main_loop: PyAutoGUI fail-safe triggered from mouse moving to a corner of the screen. To disable this fail-safe, set pyautogui.FAILSAFE to False. DISABLING FAIL-SAFE IS NOT RECOMMENDED.
2024-12-17 10:59:31 - ERROR - Functionality Error: Error in the Main_loop: PyAutoGUI fail-safe triggered from mouse moving to a corner of the screen. To disable this fail-safe, set pyautogui.FAILSAFE to False. DISABLING FAIL-SAFE IS NOT RECOMMENDED.
2024-12-17 10:59:31 - ERROR - Functionality Error: Error in the Main_loop: PyAutoGUI fail-safe triggered from mouse moving to a corner of the screen. To disable this fail-safe, set pyautogui.FAILSAFE to False. DISABLING FAIL-SAFE IS NOT RECOMMENDED.
2024-12-17 10:59:31 - ERROR - Functionality Error: Error in the Main_loop: PyAutoGUI fail-safe triggered from mouse moving to a corner of the screen. To disable this fail-safe, set pyautogui.FAILSAFE to False. DISABLING FAIL-SAFE IS NOT RECOMMENDED.
2024-12-17 10:59:31 - ERROR - Functionality Error: Error in the Main_loop: PyAutoGUI fail-safe triggered from mouse moving to a corner of the screen. To disable this fail-safe, set pyautogui.FAILSAFE to False. DISABLING FAIL-SAFE IS NOT RECOMMENDED.
2024-12-17 10:59:31 - ERROR - Functionality Error: Error in the Main_loop: PyAutoGUI fail-safe triggered from mouse moving to a corner of the screen. To disable this fail-safe, set pyautogui.FAILSAFE to False. DISABLING FAIL-SAFE IS NOT RECOMMENDED.
2024-12-17 10:59:31 - ERROR - Functionality Error: Error in the Main_loop: PyAutoGUI fail-safe triggered from mouse moving to a corner of the screen. To disable this fail-safe, set pyautogui.FAILSAFE to False. DISABLING FAIL-SAFE IS NOT RECOMMENDED.
2024-12-17 10:59:31 - ERROR - Functionality Error: Error in the Main_loop: PyAutoGUI fail-safe triggered from mouse moving to a corner of the screen. To disable this fail-safe, set pyautogui.FAILSAFE to False. DISABLING FAIL-SAFE IS NOT RECOMMENDED.
2024-12-17 10:59:31 - ERROR - Functionality Error: Error in the Main_loop: PyAutoGUI fail-safe triggered from mouse moving to a corner of the screen. To disable this fail-safe, set pyautogui.FAILSAFE to False. DISABLING FAIL-SAFE IS NOT RECOMMENDED.
2024-12-17 10:59:31 - ERROR - Functionality Error: Error in the Main_loop: PyAutoGUI fail-safe triggered from mouse moving to a corner of the screen. To disable this fail-safe, set pyautogui.FAILSAFE to False. DISABLING FAIL-SAFE IS NOT RECOMMENDED.
2024-12-17 10:59:31 - ERROR - Functionality Error: Error in the Main_loop: PyAutoGUI fail-safe triggered from mouse moving to a corner of the screen. To disable this fail-safe, set pyautogui.FAILSAFE to False. DISABLING FAIL-SAFE IS NOT RECOMMENDED.
2024-12-17 10:59:31 - ERROR - Functionality Error: Error in the Main_loop: PyAutoGUI fail-safe triggered from mouse moving to a corner of the screen. To disable this fail-safe, set pyautogui.FAILSAFE to False. DISABLING FAIL-SAFE IS NOT RECOMMENDED.
2024-12-17 10:59:31 - ERROR - Functionality Error: Error in the Main_loop: PyAutoGUI fail-safe triggered from mouse moving to a corner of the screen. To disable this fail-safe, set pyautogui.FAILSAFE to False. DISABLING FAIL-SAFE IS NOT RECOMMENDED.
2024-12-17 10:59:31 - ERROR - Functionality Error: Error in the Main_loop: PyAutoGUI fail-safe triggered from mouse moving to a corner of the screen. To disable this fail-safe, set pyautogui.FAILSAFE to False. DISABLING FAIL-SAFE IS NOT RECOMMENDED.
2024-12-17 10:59:31 - ERROR - Functionality Error: Error in the Main_loop: PyAutoGUI fail-safe triggered from mouse moving to a corner of the screen. To disable this fail-safe, set pyautogui.FAILSAFE to False. DISABLING FAIL-SAFE IS NOT RECOMMENDED.
2024-12-17 10:59:31 - ERROR - Functionality Error: Error in the Main_loop: PyAutoGUI fail-safe triggered from mouse moving to a corner of the screen. To disable this fail-safe, set pyautogui.FAILSAFE to False. DISABLING FAIL-SAFE IS NOT RECOMMENDED.
2024-12-17 10:59:31 - ERROR - Functionality Error: Error in the Main_loop: PyAutoGUI fail-safe triggered from mouse moving to a corner of the screen. To disable this fail-safe, set pyautogui.FAILSAFE to False. DISABLING FAIL-SAFE IS NOT RECOMMENDED.
2024-12-17 10:59:31 - ERROR - Functionality Error: Error in the Main_loop: PyAutoGUI fail-safe triggered from mouse moving to a corner of the screen. To disable this fail-safe, set pyautogui.FAILSAFE to False. DISABLING FAIL-SAFE IS NOT RECOMMENDED.
2024-12-17 10:59:31 - ERROR - Functionality Error: Error in the Main_loop: PyAutoGUI fail-safe triggered from mouse moving to a corner of the screen. To disable this fail-safe, set pyautogui.FAILSAFE to False. DISABLING FAIL-SAFE IS NOT RECOMMENDED.
2024-12-17 10:59:31 - ERROR - Functionality Error: Error in the Main_loop: PyAutoGUI fail-safe triggered from mouse moving to a corner of the screen. To disable this fail-safe, set pyautogui.FAILSAFE to False. DISABLING FAIL-SAFE IS NOT RECOMMENDED.
2024-12-17 10:59:31 - ERROR - Functionality Error: Error in the Main_loop: PyAutoGUI fail-safe triggered from mouse moving to a corner of the screen. To disable this fail-safe, set pyautogui.FAILSAFE to False. DISABLING FAIL-SAFE IS NOT RECOMMENDED.
2024-12-17 10:59:31 - ERROR - Functionality Error: Error in the Main_loop: PyAutoGUI fail-safe triggered from mouse moving to a corner of the screen. To disable this fail-safe, set pyautogui.FAILSAFE to False. DISABLING FAIL-SAFE IS NOT RECOMMENDED.
2024-12-17 10:59:42 - ERROR - Server Error: Error forwarding data: [WinError 10054] An existing connection was forcibly closed by the remote host
2024-12-17 10:59:42 - ERROR - Server Error: Error forwarding data: [WinError 10054] An existing connection was forcibly closed by the remote host
2024-12-17 10:59:42 - ERROR - Server Error: Error forwarding data: [WinError 10054] An existing connection was forcibly closed by the remote host
2024-12-17 11:23:42 - ERROR - Server Error: Error forwarding data: [WinError 10054] An existing connection was forcibly closed by the remote host
2024-12-17 11:50:46 - ERROR - Server Error: Server error: [WinError 10054] An existing connection was forcibly closed by the remote host
